<?xml version="1.0" encoding="UTF-8"?>
<!-- Generated by org.testng.reporters.JUnitReportReporter -->
<testsuite hostname="shubham" failures="0" tests="2" name="com.example.tests.SampleTest" time="0.002" errors="0" timestamp="2025-07-25T07:28:15 UTC" skipped="0">
  <testcase classname="com.example.tests.SampleTest" name="testSum" time="0.000"/>
  <testcase classname="com.example.tests.SampleTest" name="testDifference" time="0.002"/>
</testsuite> <!-- com.example.tests.SampleTest -->
